Build started 27.01.2015 13:56:37.
     1>Project "D:\Shag Work\С++\ДЗ\15.01.21 DataStorage\15.01.21 DataStorage\15.01.21 DataStorage.vcxproj" on node 2 (Build target(s)).
     1>ClCompile:
         C:\Program Files\Microsoft Visual Studio 12.0\VC\bin\CL.exe /c /ZI /nologo /W3 /WX- /sdl /Od /Oy- /D WIN32 /D _DEBUG /D _CONSOLE /D _LIB /D _UNICODE /D UNICODE /Gm /EHsc /RTC1 /MDd /GS /fp:precise /Zc:wchar_t /Zc:forScope /Fo"Debug\\" /Fd"Debug\vc120.pdb" /Gd /TP /analyze- /errorReport:prompt DataManagerFile.cpp StorageManager.cpp main.cpp
         StorageManager.cpp
         Generating Code...
         Compiling...
         main.cpp
         Generating Code...
         Skipping... (no relevant changes detected)
         DataManagerFile.cpp
       Link:
         C:\Program Files\Microsoft Visual Studio 12.0\VC\bin\link.exe /ERRORREPORT:PROMPT /OUT:"D:\Shag Work\С++\ДЗ\15.01.21 DataStorage\Debug\15.01.21 DataStorage.exe" /INCREMENTAL /NOLOGO kernel32.lib user32.lib gdi32.lib winspool.lib comdlg32.lib advapi32.lib shell32.lib ole32.lib oleaut32.lib uuid.lib odbc32.lib odbccp32.lib /MANIFEST /MANIFESTUAC:"level='asInvoker' uiAccess='false'" /manifest:embed /DEBUG /PDB:"D:\Shag Work\С++\ДЗ\15.01.21 DataStorage\Debug\15.01.21 DataStorage.pdb" /SUBSYSTEM:CONSOLE /TLBID:1 /DYNAMICBASE /NXCOMPAT /IMPLIB:"D:\Shag Work\С++\ДЗ\15.01.21 DataStorage\Debug\15.01.21 DataStorage.lib" /MACHINE:X86 Debug\DataManagerFile.obj
         Debug\Storage.obj
         Debug\DVD.obj
         Debug\HardDisk.obj
         Debug\InOutConsole.obj
         Debug\StorageManager.obj
         Debug\main.obj
         Debug\USB.obj
         15.01.21 DataStorage.vcxproj -> D:\Shag Work\С++\ДЗ\15.01.21 DataStorage\Debug\15.01.21 DataStorage.exe
     1>Done Building Project "D:\Shag Work\С++\ДЗ\15.01.21 DataStorage\15.01.21 DataStorage\15.01.21 DataStorage.vcxproj" (Build target(s)).

Build succeeded.

Time Elapsed 00:00:02.17
